C:\USERS\ASUS\DESKTOP\P2PSHARING\DEBUG\P2PSHARING.EXE
C:\USERS\ASUS\DESKTOP\P2PSHARING\DEBUG\P2PSHARING.EXE.MANIFEST
C:\USERS\ASUS\DESKTOP\P2PSHARING\DEBUG\P2PSHARING.ILK
C:\USERS\ASUS\DESKTOP\P2PSHARING\DEBUG\P2PSHARING.PDB
C:\Users\asus\Desktop\P2PSharing\P2PSharing\Debug\cl.command.1.tlog
C:\Users\asus\Desktop\P2PSharing\P2PSharing\Debug\CL.read.1.tlog
C:\Users\asus\Desktop\P2PSharing\P2PSharing\Debug\CL.write.1.tlog
C:\USERS\ASUS\DESKTOP\P2PSHARING\P2PSHARING\DEBUG\COMMANDHANDLE.OBJ
C:\USERS\ASUS\DESKTOP\P2PSHARING\P2PSHARING\DEBUG\CTHREAD.OBJ
C:\USERS\ASUS\DESKTOP\P2PSHARING\P2PSHARING\DEBUG\FINGERTABLE.OBJ
C:\USERS\ASUS\DESKTOP\P2PSHARING\P2PSHARING\DEBUG\GET.OBJ
C:\USERS\ASUS\DESKTOP\P2PSHARING\P2PSHARING\DEBUG\INPUTPAGE.OBJ
C:\USERS\ASUS\DESKTOP\P2PSHARING\P2PSHARING\DEBUG\JOIN.OBJ
C:\USERS\ASUS\DESKTOP\P2PSHARING\P2PSHARING\DEBUG\JOINPAGE.OBJ
C:\USERS\ASUS\DESKTOP\P2PSHARING\P2PSHARING\DEBUG\LEAVE.OBJ
C:\Users\asus\Desktop\P2PSharing\P2PSharing\Debug\link.command.1.tlog
C:\Users\asus\Desktop\P2PSharing\P2PSharing\Debug\link.read.1.tlog
C:\Users\asus\Desktop\P2PSharing\P2PSharing\Debug\link.write.1.tlog
C:\Users\asus\Desktop\P2PSharing\P2PSharing\Debug\link-cvtres.read.1.tlog
C:\Users\asus\Desktop\P2PSharing\P2PSharing\Debug\link-cvtres.write.1.tlog
C:\USERS\ASUS\DESKTOP\P2PSHARING\P2PSHARING\DEBUG\LS.OBJ
C:\Users\asus\Desktop\P2PSharing\P2PSharing\Debug\mt.command.1.tlog
C:\Users\asus\Desktop\P2PSharing\P2PSharing\Debug\mt.read.1.tlog
C:\Users\asus\Desktop\P2PSharing\P2PSharing\Debug\mt.write.1.tlog
C:\USERS\ASUS\DESKTOP\P2PSHARING\P2PSHARING\DEBUG\P2PSHARING.EXE.INTERMEDIATE.MANIFEST
C:\USERS\ASUS\DESKTOP\P2PSHARING\P2PSHARING\DEBUG\P2PSHARING.OBJ
C:\USERS\ASUS\DESKTOP\P2PSHARING\P2PSHARING\DEBUG\P2PSHARING.PCH
C:\USERS\ASUS\DESKTOP\P2PSHARING\P2PSHARING\DEBUG\P2PSHARING.RES
C:\Users\asus\Desktop\P2PSharing\P2PSharing\Debug\P2PSharing.write.1.tlog
C:\USERS\ASUS\DESKTOP\P2PSHARING\P2PSHARING\DEBUG\P2PSHARINGDLG.OBJ
C:\USERS\ASUS\DESKTOP\P2PSHARING\P2PSHARING\DEBUG\PEER.OBJ
C:\USERS\ASUS\DESKTOP\P2PSHARING\P2PSHARING\DEBUG\PEERSERVER.OBJ
C:\USERS\ASUS\DESKTOP\P2PSHARING\P2PSHARING\DEBUG\PLAYTHREAD.OBJ
C:\Users\asus\Desktop\P2PSharing\P2PSharing\Debug\rc.command.1.tlog
C:\Users\asus\Desktop\P2PSharing\P2PSharing\Debug\rc.read.1.tlog
C:\Users\asus\Desktop\P2PSharing\P2PSharing\Debug\rc.write.1.tlog
C:\USERS\ASUS\DESKTOP\P2PSHARING\P2PSHARING\DEBUG\RECEIVEHANDLE.OBJ
C:\USERS\ASUS\DESKTOP\P2PSHARING\P2PSHARING\DEBUG\REQUESTHANDLE.OBJ
C:\USERS\ASUS\DESKTOP\P2PSHARING\P2PSHARING\DEBUG\RWLOCKIMPL.OBJ
C:\USERS\ASUS\DESKTOP\P2PSHARING\P2PSHARING\DEBUG\SEARCH.OBJ
C:\USERS\ASUS\DESKTOP\P2PSHARING\P2PSHARING\DEBUG\SEARCHPAGE.OBJ
C:\USERS\ASUS\DESKTOP\P2PSHARING\P2PSHARING\DEBUG\SENDHANDLE.OBJ
C:\USERS\ASUS\DESKTOP\P2PSHARING\P2PSHARING\DEBUG\SOCK.OBJ
C:\USERS\ASUS\DESKTOP\P2PSHARING\P2PSHARING\DEBUG\STABLE.OBJ
C:\USERS\ASUS\DESKTOP\P2PSHARING\P2PSHARING\DEBUG\STATUSPAGE.OBJ
C:\USERS\ASUS\DESKTOP\P2PSHARING\P2PSHARING\DEBUG\STDAFX.OBJ
C:\USERS\ASUS\DESKTOP\P2PSHARING\P2PSHARING\DEBUG\TOOL.OBJ
C:\USERS\ASUS\DESKTOP\P2PSHARING\P2PSHARING\DEBUG\TRANSSERVER.OBJ
C:\Users\asus\Desktop\P2PSharing\P2PSharing\Debug\vc100.idb
C:\USERS\ASUS\DESKTOP\P2PSHARING\P2PSHARING\DEBUG\VC100.PDB
